<?xml version="1.0" encoding="UTF-8"?>
<!-- Generated by org.testng.reporters.JUnitReportReporter -->
<testsuite skipped="0" hostname="DESKTOP-UG8TVNV" name="org.sample.Sample" tests="2" failures="0" timestamp="03 Aug 2020 07:25:22 GMT" time="0.045" errors="0">
  <testcase name="te" time="0.004" classname="org.sample.Sample"/>
  <testcase name="logoutapp" time="0.041" classname="org.sample.Sample"/>
</testsuite> <!-- org.sample.Sample -->
